{
  "RSpec": {
    "coverage": {
      "/home/phong/bug/api-wrapper-ruby/lib/uiza.rb": [
        1,
        1,
        1,
        null,
        1,
        1,
        1,
        null,
        1,
        1,
        1,
        1,
        1,
        1,
        1,
        1,
        1,
        null,
        1,
        1,
        1,
        1,
        1,
        1,
        1,
        null,
        1,
        1,
        1,
        1,
        1,
        null,
        1,
        1,
        1,
        null,
        null
      ],
      "/home/phong/bug/api-wrapper-ruby/lib/uiza/uiza_client.rb": [
        1,
        1,
        1,
        342,
        342,
        null,
        342,
        null,
        132,
        132,
        null,
        92,
        92,
        null,
        62,
        62,
        null,
        56,
        56,
        null,
        null,
        342,
        342,
        342,
        null,
        null,
        null,
        1,
        332,
        332,
        332,
        null,
        332,
        332,
        332,
        null,
        44,
        44,
        null,
        44,
        6,
        null,
        38,
        null,
        null,
        44,
        null,
        null,
        1,
        null,
        1,
        342,
        342,
        342,
        null,
        342,
        null,
        297,
        null,
        33,
        null,
        33,
        null,
        33,
        null,
        47,
        null,
        19,
        null,
        33,
        null,
        33,
        null,
        33,
        null,
        33,
        null,
        null,
        297,
        null,
        null,
        null
      ],
      "/home/phong/bug/api-wrapper-ruby/lib/uiza/uiza_open_struct.rb": [
        1,
        1,
        1,
        53,
        53,
        148,
        3,
        null,
        145,
        143,
        null,
        143,
        null,
        null,
        null,
        null,
        null,
        null
      ],
      "/home/phong/bug/api-wrapper-ruby/lib/uiza/error/uiza_error.rb": [
        1,
        1,
        1,
        1,
        1,
        1,
        null,
        1,
        1,
        null,
        1,
        297,
        297,
        297,
        null,
        null,
        null,
        null
      ],
      "/home/phong/bug/api-wrapper-ruby/lib/uiza/error/bad_request_error.rb": [
        1,
        1,
        1,
        1,
        1,
        null,
        null,
        null
      ],
      "/home/phong/bug/api-wrapper-ruby/lib/uiza/error/unauthorized_error.rb": [
        1,
        1,
        1,
        1,
        1,
        null,
        null,
        null
      ],
      "/home/phong/bug/api-wrapper-ruby/lib/uiza/error/not_found_error.rb": [
        1,
        1,
        1,
        1,
        1,
        null,
        null,
        null
      ],
      "/home/phong/bug/api-wrapper-ruby/lib/uiza/error/unprocessable_error.rb": [
        1,
        1,
        1,
        1,
        1,
        null,
        null,
        null
      ],
      "/home/phong/bug/api-wrapper-ruby/lib/uiza/error/internal_server_error.rb": [
        1,
        1,
        1,
        1,
        1,
        null,
        null,
        null
      ],
      "/home/phong/bug/api-wrapper-ruby/lib/uiza/error/service_unavailable_error.rb": [
        1,
        1,
        1,
        1,
        1,
        null,
        null,
        null
      ],
      "/home/phong/bug/api-wrapper-ruby/lib/uiza/error/client_error.rb": [
        1,
        1,
        1,
        1,
        1,
        null,
        null,
        null
      ],
      "/home/phong/bug/api-wrapper-ruby/lib/uiza/error/server_error.rb": [
        1,
        1,
        1,
        1,
        1,
        null,
        null,
        null
      ],
      "/home/phong/bug/api-wrapper-ruby/lib/uiza/api_operation/create.rb": [
        1,
        1,
        1,
        1,
        40,
        40,
        40,
        null,
        40,
        40,
        null,
        4,
        null,
        null,
        null,
        null
      ],
      "/home/phong/bug/api-wrapper-ruby/lib/uiza/api_operation/add.rb": [
        1,
        1,
        1,
        1,
        10,
        10,
        10,
        null,
        10,
        10,
        null,
        1,
        null,
        null,
        null,
        null
      ],
      "/home/phong/bug/api-wrapper-ruby/lib/uiza/api_operation/retrieve.rb": [
        1,
        1,
        1,
        1,
        62,
        62,
        62,
        62,
        null,
        62,
        62,
        null,
        null,
        null,
        null
      ],
      "/home/phong/bug/api-wrapper-ruby/lib/uiza/api_operation/list.rb": [
        1,
        1,
        1,
        1,
        20,
        20,
        20,
        null,
        20,
        20,
        null,
        null,
        null,
        null
      ],
      "/home/phong/bug/api-wrapper-ruby/lib/uiza/api_operation/update.rb": [
        1,
        1,
        1,
        1,
        50,
        50,
        50,
        null,
        50,
        50,
        null,
        5,
        null,
        null,
        null,
        null
      ],
      "/home/phong/bug/api-wrapper-ruby/lib/uiza/api_operation/delete.rb": [
        1,
        1,
        1,
        1,
        30,
        30,
        30,
        30,
        null,
        30,
        30,
        null,
        null,
        null,
        null
      ],
      "/home/phong/bug/api-wrapper-ruby/lib/uiza/api_operation/remove.rb": [
        1,
        1,
        1,
        1,
        10,
        10,
        10,
        10,
        null,
        10,
        10,
        null,
        null,
        null,
        null
      ],
      "/home/phong/bug/api-wrapper-ruby/lib/uiza/entity.rb": [
        1,
        1,
        1,
        1,
        1,
        1,
        1,
        null,
        1,
        1,
        null,
        null,
        null,
        null,
        null,
        null,
        null,
        null,
        null,
        null,
        null,
        1,
        1,
        10,
        10,
        10,
        10,
        10,
        null,
        10,
        10,
        null,
        null,
        1,
        10,
        10,
        10,
        10,
        10,
        null,
        10,
        10,
        null,
        null,
        1,
        10,
        10,
        10,
        10,
        10,
        null,
        10,
        10,
        null,
        null,
        1,
        10,
        10,
        10,
        10,
        10,
        null,
        10,
        10,
        null,
        null,
        null,
        null
      ],
      "/home/phong/bug/api-wrapper-ruby/lib/uiza/storage.rb": [
        1,
        1,
        1,
        1,
        1,
        1,
        null,
        1,
        null,
        1,
        null,
        null,
        null,
        null,
        null,
        null,
        null
      ],
      "/home/phong/bug/api-wrapper-ruby/lib/uiza/category.rb": [
        1,
        1,
        1,
        1,
        1,
        1,
        1,
        null,
        1,
        1,
        null,
        null,
        null,
        null,
        null,
        null,
        null,
        null,
        null,
        1,
        1,
        10,
        10,
        10,
        10,
        null,
        10,
        10,
        null,
        null,
        1,
        10,
        10,
        10,
        10,
        null,
        10,
        10,
        null,
        null,
        null,
        null
      ],
      "/home/phong/bug/api-wrapper-ruby/lib/uiza/live.rb": [
        1,
        1,
        1,
        1,
        1,
        null,
        1,
        1,
        null,
        null,
        null,
        null,
        null,
        null,
        null,
        null,
        null,
        null,
        1,
        1,
        10,
        10,
        10,
        10,
        null,
        10,
        10,
        null,
        1,
        null,
        null,
        1,
        10,
        10,
        10,
        10,
        10,
        null,
        10,
        10,
        null,
        null,
        1,
        10,
        10,
        10,
        10,
        null,
        10,
        10,
        null,
        1,
        null,
        null,
        1,
        10,
        10,
        10,
        null,
        10,
        10,
        null,
        null,
        1,
        10,
        10,
        10,
        10,
        null,
        10,
        10,
        null,
        null,
        null,
        null
      ],
      "/home/phong/bug/api-wrapper-ruby/lib/uiza/callback.rb": [
        1,
        1,
        1,
        1,
        1,
        1,
        null,
        1,
        1,
        null,
        null,
        null,
        null,
        null,
        null,
        null
      ],
      "/home/phong/bug/api-wrapper-ruby/spec/uiza/callback/delete_spec.rb": [
        1,
        null,
        1,
        1,
        10,
        10,
        null,
        null,
        1,
        1,
        1,
        1,
        null,
        1,
        1,
        1,
        1,
        1,
        null,
        null,
        null,
        null,
        null,
        null,
        null,
        null,
        1,
        null,
        1,
        null,
        1,
        null,
        1,
        null,
        null,
        null,
        null,
        1,
        1,
        1,
        null,
        null,
        null,
        1,
        1,
        1,
        null,
        null,
        null,
        1,
        1,
        1,
        null,
        null,
        null,
        1,
        1,
        1,
        null,
        null,
        null,
        1,
        1,
        1,
        null,
        null,
        null,
        1,
        1,
        1,
        null,
        null,
        null,
        1,
        1,
        1,
        null,
        null,
        null,
        1,
        1,
        1,
        null,
        null,
        null,
        1,
        1,
        1,
        null,
        null,
        null,
        1,
        9,
        null,
        9,
        9,
        9,
        9,
        9,
        null,
        null,
        null,
        null,
        null,
        null,
        9,
        null,
        18,
        9,
        9,
        9,
        9,
        null,
        null,
        9,
        null,
        null,
        null,
        null
      ],
      "/home/phong/bug/api-wrapper-ruby/spec/uiza/callback/retrieve_spec.rb": [
        1,
        null,
        1,
        1,
        10,
        10,
        null,
        null,
        1,
        1,
        1,
        1,
        null,
        1,
        1,
        1,
        1,
        1,
        null,
        null,
        null,
        null,
        null,
        null,
        null,
        null,
        null,
        1,
        null,
        1,
        null,
        1,
        1,
        null,
        1,
        null,
        null,
        null,
        null,
        1,
        1,
        1,
        null,
        null,
        null,
        1,
        1,
        1,
        null,
        null,
        null,
        1,
        1,
        1,
        null,
        null,
        null,
        1,
        1,
        1,
        null,
        null,
        null,
        1,
        1,
        1,
        null,
        null,
        null,
        1,
        1,
        1,
        null,
        null,
        null,
        1,
        1,
        1,
        null,
        null,
        null,
        1,
        1,
        1,
        null,
        null,
        null,
        1,
        1,
        1,
        null,
        null,
        null,
        1,
        9,
        null,
        9,
        9,
        9,
        9,
        9,
        null,
        null,
        null,
        null,
        null,
        null,
        9,
        null,
        18,
        9,
        9,
        9,
        9,
        null,
        null,
        9,
        null,
        null,
        null,
        null
      ],
      "/home/phong/bug/api-wrapper-ruby/spec/uiza/callback/update_spec.rb": [
        1,
        null,
        1,
        1,
        10,
        10,
        null,
        null,
        1,
        1,
        1,
        1,
        null,
        null,
        null,
        null,
        null,
        null,
        1,
        1,
        1,
        1,
        1,
        null,
        null,
        null,
        null,
        null,
        null,
        null,
        null,
        1,
        null,
        null,
        1,
        1,
        1,
        1,
        1,
        null,
        null,
        null,
        null,
        null,
        null,
        null,
        null,
        null,
        null,
        1,
        null,
        1,
        null,
        1,
        1,
        1,
        null,
        1,
        null,
        null,
        null,
        null,
        1,
        1,
        1,
        null,
        null,
        null,
        1,
        1,
        1,
        null,
        null,
        null,
        1,
        1,
        1,
        null,
        null,
        null,
        1,
        1,
        1,
        null,
        null,
        null,
        1,
        1,
        1,
        null,
        null,
        null,
        1,
        1,
        1,
        null,
        null,
        null,
        1,
        1,
        1,
        null,
        null,
        null,
        1,
        1,
        1,
        null,
        null,
        null,
        1,
        1,
        1,
        null,
        null,
        null,
        1,
        9,
        null,
        null,
        null,
        9,
        9,
        9,
        9,
        9,
        null,
        null,
        null,
        null,
        null,
        null,
        9,
        null,
        18,
        9,
        9,
        9,
        9,
        null,
        null,
        9,
        null,
        null,
        null,
        null
      ],
      "/home/phong/bug/api-wrapper-ruby/spec/uiza/category/create_relation_spec.rb": [
        1,
        null,
        1,
        1,
        10,
        10,
        null,
        null,
        1,
        1,
        1,
        1,
        null,
        null,
        null,
        null,
        1,
        1,
        1,
        1,
        1,
        null,
        null,
        null,
        null,
        null,
        null,
        null,
        null,
        null,
        null,
        null,
        null,
        1,
        null,
        1,
        null,
        1,
        1,
        1,
        1,
        1,
        null,
        1,
        null,
        null,
        null,
        null,
        1,
        1,
        1,
        null,
        null,
        null,
        1,
        1,
        1,
        null,
        null,
        null,
        1,
        1,
        1,
        null,
        null,
        null,
        1,
        1,
        1,
        null,
        null,
        null,
        1,
        1,
        1,
        null,
        null,
        null,
        1,
        1,
        1,
        null,
        null,
        null,
        1,
        1,
        1,
        null,
        null,
        null,
        1,
        1,
        1,
        null,
        null,
        null,
        1,
        1,
        1,
        null,
        null,
        null,
        null,
        1,
        9,
        null,
        null,
        null,
        null,
        9,
        9,
        9,
        9,
        9,
        null,
        null,
        null,
        null,
        null,
        null,
        9,
        null,
        18,
        9,
        9,
        9,
        9,
        null,
        null,
        9,
        null,
        null,
        null
      ],
      "/home/phong/bug/api-wrapper-ruby/spec/uiza/category/create_spec.rb": [
        1,
        null,
        1,
        1,
        10,
        10,
        null,
        null,
        1,
        1,
        1,
        1,
        null,
        null,
        null,
        null,
        null,
        null,
        null,
        null,
        1,
        1,
        1,
        1,
        1,
        null,
        null,
        null,
        null,
        null,
        null,
        null,
        null,
        1,
        null,
        null,
        1,
        1,
        1,
        1,
        1,
        null,
        null,
        null,
        null,
        null,
        null,
        null,
        null,
        null,
        null,
        null,
        null,
        null,
        1,
        null,
        1,
        null,
        1,
        1,
        1,
        1,
        1,
        1,
        null,
        1,
        null,
        null,
        1,
        null,
        null,
        null,
        null,
        1,
        1,
        1,
        null,
        null,
        null,
        1,
        1,
        1,
        null,
        null,
        null,
        1,
        1,
        1,
        null,
        null,
        null,
        1,
        1,
        1,
        null,
        null,
        null,
        1,
        1,
        1,
        null,
        null,
        null,
        1,
        1,
        1,
        null,
        null,
        null,
        1,
        1,
        1,
        null,
        null,
        null,
        1,
        1,
        1,
        null,
        null,
        null,
        1,
        1,
        1,
        null,
        null,
        null,
        1,
        9,
        null,
        null,
        null,
        9,
        9,
        9,
        9,
        9,
        null,
        null,
        null,
        null,
        null,
        null,
        9,
        null,
        18,
        9,
        9,
        9,
        9,
        null,
        null,
        9,
        null,
        null,
        null,
        null
      ],
      "/home/phong/bug/api-wrapper-ruby/spec/uiza/category/delete_relation_spec.rb": [
        1,
        null,
        1,
        1,
        10,
        10,
        null,
        null,
        1,
        1,
        1,
        1,
        null,
        null,
        null,
        null,
        1,
        1,
        1,
        1,
        1,
        null,
        null,
        null,
        null,
        null,
        null,
        null,
        null,
        null,
        null,
        null,
        null,
        1,
        null,
        1,
        null,
        1,
        1,
        1,
        1,
        1,
        null,
        1,
        null,
        null,
        null,
        null,
        1,
        1,
        1,
        null,
        null,
        null,
        1,
        1,
        1,
        null,
        null,
        null,
        1,
        1,
        1,
        null,
        null,
        null,
        1,
        1,
        1,
        null,
        null,
        null,
        1,
        1,
        1,
        null,
        null,
        null,
        1,
        1,
        1,
        null,
        null,
        null,
        1,
        1,
        1,
        null,
        null,
        null,
        1,
        1,
        1,
        null,
        null,
        null,
        1,
        1,
        1,
        null,
        null,
        null,
        null,
        1,
        9,
        null,
        null,
        null,
        null,
        9,
        9,
        9,
        9,
        9,
        null,
        null,
        null,
        null,
        null,
        null,
        9,
        null,
        18,
        9,
        9,
        9,
        9,
        null,
        null,
        9,
        null,
        null,
        null
      ],
      "/home/phong/bug/api-wrapper-ruby/spec/uiza/category/delete_spec.rb": [
        1,
        null,
        1,
        1,
        10,
        10,
        null,
        null,
        1,
        1,
        1,
        1,
        null,
        1,
        1,
        1,
        1,
        1,
        null,
        null,
        null,
        null,
        null,
        null,
        null,
        null,
        1,
        null,
        1,
        null,
        1,
        null,
        1,
        null,
        null,
        null,
        null,
        1,
        1,
        1,
        null,
        null,
        null,
        1,
        1,
        1,
        null,
        null,
        null,
        1,
        1,
        1,
        null,
        null,
        null,
        1,
        1,
        1,
        null,
        null,
        null,
        1,
        1,
        1,
        null,
        null,
        null,
        1,
        1,
        1,
        null,
        null,
        null,
        1,
        1,
        1,
        null,
        null,
        null,
        1,
        1,
        1,
        null,
        null,
        null,
        1,
        1,
        1,
        null,
        null,
        null,
        1,
        9,
        null,
        9,
        9,
        9,
        9,
        9,
        null,
        null,
        null,
        null,
        null,
        null,
        9,
        null,
        18,
        9,
        9,
        9,
        9,
        null,
        null,
        9,
        null,
        null,
        null,
        null
      ],
      "/home/phong/bug/api-wrapper-ruby/spec/uiza/category/list_spec.rb": [
        1,
        null,
        1,
        1,
        10,
        10,
        null,
        null,
        1,
        1,
        1,
        1,
        1,
        1,
        1,
        null,
        null,
        null,
        null,
        null,
        null,
        null,
        null,
        null,
        null,
        null,
        null,
        1,
        null,
        1,
        null,
        1,
        1,
        1,
        1,
        1,
        null,
        1,
        null,
        null,
        null,
        null,
        1,
        1,
        1,
        null,
        null,
        null,
        1,
        1,
        1,
        null,
        null,
        null,
        1,
        1,
        1,
        null,
        null,
        null,
        1,
        1,
        1,
        null,
        null,
        null,
        1,
        1,
        1,
        null,
        null,
        null,
        1,
        1,
        1,
        null,
        null,
        null,
        1,
        1,
        1,
        null,
        null,
        null,
        1,
        1,
        1,
        null,
        null,
        null,
        1,
        1,
        1,
        null,
        null,
        null,
        null,
        1,
        9,
        9,
        9,
        9,
        null,
        null,
        null,
        null,
        null,
        null,
        9,
        null,
        18,
        9,
        9,
        9,
        9,
        null,
        null,
        9,
        null,
        null,
        null
      ],
      "/home/phong/bug/api-wrapper-ruby/spec/uiza/category/retrieve_spec.rb": [
        1,
        null,
        1,
        1,
        10,
        10,
        null,
        null,
        1,
        1,
        1,
        1,
        null,
        1,
        1,
        1,
        1,
        1,
        null,
        null,
        null,
        null,
        null,
        null,
        null,
        null,
        null,
        null,
        null,
        null,
        null,
        1,
        null,
        1,
        null,
        1,
        1,
        1,
        1,
        1,
        1,
        null,
        1,
        null,
        null,
        null,
        null,
        1,
        1,
        1,
        null,
        null,
        null,
        1,
        1,
        1,
        null,
        null,
        null,
        1,
        1,
        1,
        null,
        null,
        null,
        1,
        1,
        1,
        null,
        null,
        null,
        1,
        1,
        1,
        null,
        null,
        null,
        1,
        1,
        1,
        null,
        null,
        null,
        1,
        1,
        1,
        null,
        null,
        null,
        1,
        1,
        1,
        null,
        null,
        null,
        1,
        1,
        1,
        null,
        null,
        null,
        1,
        9,
        null,
        9,
        9,
        9,
        9,
        9,
        null,
        null,
        null,
        null,
        null,
        null,
        9,
        null,
        18,
        9,
        9,
        9,
        9,
        null,
        null,
        9,
        null,
        null,
        null,
        null
      ],
      "/home/phong/bug/api-wrapper-ruby/spec/uiza/category/update_spec.rb": [
        1,
        null,
        1,
        1,
        10,
        10,
        null,
        null,
        1,
        1,
        1,
        1,
        null,
        null,
        null,
        null,
        null,
        null,
        null,
        null,
        null,
        1,
        1,
        1,
        1,
        1,
        null,
        null,
        null,
        null,
        null,
        null,
        null,
        null,
        1,
        null,
        null,
        1,
        1,
        1,
        1,
        1,
        null,
        null,
        null,
        null,
        null,
        null,
        null,
        null,
        null,
        null,
        null,
        null,
        null,
        1,
        null,
        1,
        null,
        1,
        1,
        1,
        1,
        1,
        1,
        null,
        1,
        null,
        null,
        null,
        null,
        1,
        1,
        1,
        null,
        null,
        null,
        1,
        1,
        1,
        null,
        null,
        null,
        1,
        1,
        1,
        null,
        null,
        null,
        1,
        1,
        1,
        null,
        null,
        null,
        1,
        1,
        1,
        null,
        null,
        null,
        1,
        1,
        1,
        null,
        null,
        null,
        1,
        1,
        1,
        null,
        null,
        null,
        1,
        1,
        1,
        null,
        null,
        null,
        1,
        1,
        1,
        null,
        null,
        null,
        1,
        9,
        null,
        null,
        null,
        9,
        9,
        9,
        9,
        9,
        null,
        null,
        null,
        null,
        null,
        null,
        9,
        null,
        18,
        9,
        9,
        9,
        9,
        null,
        null,
        9,
        null,
        null,
        null,
        null
      ],
      "/home/phong/bug/api-wrapper-ruby/spec/uiza/entity/create_spec.rb": [
        1,
        null,
        1,
        1,
        10,
        10,
        null,
        null,
        1,
        1,
        1,
        1,
        null,
        null,
        null,
        null,
        null,
        null,
        1,
        1,
        1,
        1,
        1,
        null,
        null,
        null,
        null,
        null,
        null,
        null,
        null,
        1,
        null,
        null,
        1,
        1,
        1,
        1,
        1,
        null,
        null,
        null,
        null,
        null,
        null,
        null,
        null,
        null,
        null,
        null,
        null,
        null,
        null,
        1,
        null,
        1,
        null,
        1,
        1,
        1,
        1,
        1,
        null,
        1,
        null,
        null,
        1,
        null,
        null,
        null,
        null,
        1,
        1,
        1,
        null,
        null,
        null,
        1,
        1,
        1,
        null,
        null,
        null,
        1,
        1,
        1,
        null,
        null,
        null,
        1,
        1,
        1,
        null,
        null,
        null,
        1,
        1,
        1,
        null,
        null,
        null,
        1,
        1,
        1,
        null,
        null,
        null,
        1,
        1,
        1,
        null,
        null,
        null,
        1,
        1,
        1,
        null,
        null,
        null,
        1,
        1,
        1,
        null,
        null,
        null,
        1,
        9,
        null,
        null,
        null,
        9,
        9,
        9,
        9,
        9,
        null,
        null,
        null,
        null,
        null,
        null,
        9,
        null,
        18,
        9,
        9,
        9,
        9,
        null,
        null,
        9,
        null,
        null,
        null,
        null
      ],
      "/home/phong/bug/api-wrapper-ruby/spec/uiza/entity/delete_spec.rb": [
        1,
        null,
        1,
        1,
        10,
        10,
        null,
        null,
        1,
        1,
        1,
        1,
        null,
        1,
        1,
        1,
        1,
        1,
        null,
        null,
        null,
        null,
        null,
        null,
        null,
        null,
        1,
        null,
        1,
        null,
        1,
        null,
        1,
        null,
        null,
        null,
        null,
        1,
        1,
        1,
        null,
        null,
        null,
        1,
        1,
        1,
        null,
        null,
        null,
        1,
        1,
        1,
        null,
        null,
        null,
        1,
        1,
        1,
        null,
        null,
        null,
        1,
        1,
        1,
        null,
        null,
        null,
        1,
        1,
        1,
        null,
        null,
        null,
        1,
        1,
        1,
        null,
        null,
        null,
        1,
        1,
        1,
        null,
        null,
        null,
        1,
        1,
        1,
        null,
        null,
        null,
        1,
        9,
        null,
        9,
        9,
        9,
        9,
        9,
        null,
        null,
        null,
        null,
        null,
        null,
        9,
        null,
        18,
        9,
        9,
        9,
        9,
        null,
        null,
        9,
        null,
        null,
        null,
        null
      ],
      "/home/phong/bug/api-wrapper-ruby/spec/uiza/entity/get_aws_upload_key_spec.rb": [
        1,
        null,
        1,
        1,
        10,
        10,
        null,
        null,
        1,
        1,
        1,
        1,
        1,
        1,
        1,
        null,
        null,
        null,
        null,
        null,
        null,
        null,
        null,
        null,
        1,
        null,
        1,
        null,
        1,
        1,
        null,
        1,
        null,
        null,
        null,
        null,
        1,
        1,
        1,
        null,
        null,
        null,
        1,
        1,
        1,
        null,
        null,
        null,
        1,
        1,
        1,
        null,
        null,
        null,
        1,
        1,
        1,
        null,
        null,
        null,
        1,
        1,
        1,
        null,
        null,
        null,
        1,
        1,
        1,
        null,
        null,
        null,
        1,
        1,
        1,
        null,
        null,
        null,
        1,
        1,
        1,
        null,
        null,
        null,
        1,
        1,
        1,
        null,
        null,
        null,
        1,
        9,
        9,
        9,
        9,
        null,
        null,
        null,
        null,
        null,
        null,
        9,
        null,
        18,
        9,
        9,
        9,
        9,
        null,
        null,
        9,
        null,
        null,
        null,
        null
      ],
      "/home/phong/bug/api-wrapper-ruby/spec/uiza/entity/get_status_publish_spec.rb": [
        1,
        null,
        1,
        1,
        10,
        10,
        null,
        null,
        1,
        1,
        1,
        1,
        null,
        1,
        1,
        1,
        1,
        1,
        null,
        null,
        null,
        null,
        null,
        null,
        null,
        null,
        null,
        1,
        null,
        1,
        null,
        1,
        1,
        null,
        1,
        null,
        null,
        null,
        null,
        1,
        1,
        1,
        null,
        null,
        null,
        1,
        1,
        1,
        null,
        null,
        null,
        1,
        1,
        1,
        null,
        null,
        null,
        1,
        1,
        1,
        null,
        null,
        null,
        1,
        1,
        1,
        null,
        null,
        null,
        1,
        1,
        1,
        null,
        null,
        null,
        1,
        1,
        1,
        null,
        null,
        null,
        1,
        1,
        1,
        null,
        null,
        null,
        1,
        1,
        1,
        null,
        null,
        null,
        1,
        9,
        null,
        9,
        9,
        9,
        9,
        9,
        null,
        null,
        null,
        null,
        null,
        null,
        9,
        null,
        18,
        9,
        9,
        9,
        9,
        null,
        null,
        9,
        null,
        null,
        null,
        null
      ],
      "/home/phong/bug/api-wrapper-ruby/spec/uiza/entity/list_spec.rb": [
        1,
        null,
        1,
        1,
        10,
        10,
        null,
        null,
        1,
        1,
        1,
        1,
        1,
        1,
        1,
        null,
        null,
        null,
        null,
        null,
        null,
        null,
        null,
        null,
        null,
        null,
        null,
        1,
        null,
        1,
        null,
        1,
        1,
        1,
        1,
        1,
        null,
        1,
        null,
        null,
        null,
        null,
        1,
        1,
        1,
        null,
        null,
        null,
        1,
        1,
        1,
        null,
        null,
        null,
        1,
        1,
        1,
        null,
        null,
        null,
        1,
        1,
        1,
        null,
        null,
        null,
        1,
        1,
        1,
        null,
        null,
        null,
        1,
        1,
        1,
        null,
        null,
        null,
        1,
        1,
        1,
        null,
        null,
        null,
        1,
        1,
        1,
        null,
        null,
        null,
        1,
        1,
        1,
        null,
        null,
        null,
        null,
        1,
        9,
        9,
        9,
        9,
        null,
        null,
        null,
        null,
        null,
        null,
        9,
        null,
        18,
        9,
        9,
        9,
        9,
        null,
        null,
        9,
        null,
        null,
        null
      ],
      "/home/phong/bug/api-wrapper-ruby/spec/uiza/entity/publish_spec.rb": [
        1,
        null,
        1,
        1,
        10,
        10,
        null,
        null,
        1,
        1,
        1,
        1,
        null,
        1,
        1,
        1,
        1,
        1,
        null,
        null,
        null,
        null,
        null,
        null,
        null,
        null,
        null,
        1,
        null,
        1,
        null,
        1,
        1,
        null,
        1,
        null,
        null,
        null,
        null,
        1,
        1,
        1,
        null,
        null,
        null,
        1,
        1,
        1,
        null,
        null,
        null,
        1,
        1,
        1,
        null,
        null,
        null,
        1,
        1,
        1,
        null,
        null,
        null,
        1,
        1,
        1,
        null,
        null,
        null,
        1,
        1,
        1,
        null,
        null,
        null,
        1,
        1,
        1,
        null,
        null,
        null,
        1,
        1,
        1,
        null,
        null,
        null,
        1,
        1,
        1,
        null,
        null,
        null,
        1,
        9,
        null,
        9,
        9,
        9,
        9,
        9,
        null,
        null,
        null,
        null,
        null,
        null,
        9,
        null,
        18,
        9,
        9,
        9,
        9,
        null,
        null,
        9,
        null,
        null,
        null,
        null
      ],
      "/home/phong/bug/api-wrapper-ruby/spec/uiza/entity/retrieve_spec.rb": [
        1,
        null,
        1,
        1,
        10,
        10,
        null,
        null,
        1,
        1,
        1,
        1,
        null,
        1,
        1,
        1,
        1,
        1,
        null,
        null,
        null,
        null,
        null,
        null,
        null,
        null,
        null,
        null,
        null,
        null,
        null,
        null,
        1,
        null,
        1,
        null,
        1,
        1,
        1,
        1,
        1,
        null,
        1,
        null,
        null,
        null,
        null,
        1,
        1,
        1,
        null,
        null,
        null,
        1,
        1,
        1,
        null,
        null,
        null,
        1,
        1,
        1,
        null,
        null,
        null,
        1,
        1,
        1,
        null,
        null,
        null,
        1,
        1,
        1,
        null,
        null,
        null,
        1,
        1,
        1,
        null,
        null,
        null,
        1,
        1,
        1,
        null,
        null,
        null,
        1,
        1,
        1,
        null,
        null,
        null,
        1,
        1,
        1,
        null,
        null,
        null,
        1,
        9,
        null,
        9,
        9,
        9,
        9,
        9,
        null,
        null,
        null,
        null,
        null,
        null,
        9,
        null,
        18,
        9,
        9,
        9,
        9,
        null,
        null,
        9,
        null,
        null,
        null,
        null
      ],
      "/home/phong/bug/api-wrapper-ruby/spec/uiza/entity/search_spec.rb": [
        1,
        null,
        1,
        1,
        10,
        10,
        null,
        null,
        1,
        1,
        1,
        1,
        null,
        1,
        1,
        1,
        1,
        1,
        null,
        null,
        null,
        null,
        null,
        null,
        null,
        null,
        null,
        null,
        null,
        null,
        1,
        null,
        1,
        null,
        1,
        1,
        1,
        1,
        1,
        null,
        1,
        null,
        null,
        null,
        null,
        1,
        1,
        1,
        null,
        null,
        null,
        1,
        1,
        1,
        null,
        null,
        null,
        1,
        1,
        1,
        null,
        null,
        null,
        1,
        1,
        1,
        null,
        null,
        null,
        1,
        1,
        1,
        null,
        null,
        null,
        1,
        1,
        1,
        null,
        null,
        null,
        1,
        1,
        1,
        null,
        null,
        null,
        1,
        1,
        1,
        null,
        null,
        null,
        1,
        1,
        1,
        null,
        null,
        null,
        null,
        1,
        9,
        null,
        9,
        9,
        9,
        9,
        9,
        null,
        null,
        null,
        null,
        null,
        null,
        9,
        null,
        18,
        9,
        9,
        9,
        9,
        null,
        null,
        9,
        null,
        null,
        null
      ],
      "/home/phong/bug/api-wrapper-ruby/spec/uiza/entity/update_spec.rb": [
        1,
        null,
        1,
        1,
        10,
        10,
        null,
        null,
        1,
        1,
        1,
        1,
        null,
        null,
        null,
        null,
        null,
        1,
        1,
        1,
        1,
        1,
        null,
        null,
        null,
        null,
        null,
        null,
        null,
        null,
        1,
        null,
        null,
        1,
        1,
        1,
        1,
        1,
        null,
        null,
        null,
        null,
        null,
        null,
        null,
        null,
        null,
        null,
        null,
        null,
        null,
        null,
        1,
        null,
        1,
        null,
        1,
        1,
        1,
        1,
        1,
        null,
        1,
        null,
        null,
        null,
        null,
        1,
        1,
        1,
        null,
        null,
        null,
        1,
        1,
        1,
        null,
        null,
        null,
        1,
        1,
        1,
        null,
        null,
        null,
        1,
        1,
        1,
        null,
        null,
        null,
        1,
        1,
        1,
        null,
        null,
        null,
        1,
        1,
        1,
        null,
        null,
        null,
        1,
        1,
        1,
        null,
        null,
        null,
        1,
        1,
        1,
        null,
        null,
        null,
        1,
        1,
        1,
        null,
        null,
        null,
        1,
        9,
        null,
        null,
        null,
        9,
        9,
        9,
        9,
        9,
        null,
        null,
        null,
        null,
        null,
        null,
        9,
        null,
        18,
        9,
        9,
        9,
        9,
        null,
        null,
        9,
        null,
        null,
        null,
        null
      ],
      "/home/phong/bug/api-wrapper-ruby/spec/uiza/live/create_spec.rb": [
        1,
        null,
        1,
        1,
        10,
        10,
        null,
        null,
        1,
        1,
        1,
        1,
        null,
        null,
        null,
        null,
        null,
        null,
        null,
        null,
        null,
        1,
        1,
        1,
        1,
        1,
        null,
        null,
        null,
        null,
        null,
        null,
        null,
        null,
        1,
        null,
        null,
        1,
        1,
        1,
        1,
        1,
        null,
        null,
        null,
        null,
        null,
        null,
        null,
        null,
        null,
        null,
        null,
        null,
        null,
        null,
        1,
        null,
        1,
        null,
        1,
        1,
        1,
        1,
        1,
        1,
        1,
        null,
        1,
        null,
        null,
        1,
        null,
        null,
        null,
        null,
        1,
        1,
        1,
        null,
        null,
        null,
        1,
        1,
        1,
        null,
        null,
        null,
        1,
        1,
        1,
        null,
        null,
        null,
        1,
        1,
        1,
        null,
        null,
        null,
        1,
        1,
        1,
        null,
        null,
        null,
        1,
        1,
        1,
        null,
        null,
        null,
        1,
        1,
        1,
        null,
        null,
        null,
        1,
        1,
        1,
        null,
        null,
        null,
        1,
        1,
        1,
        null,
        null,
        null,
        1,
        9,
        null,
        null,
        null,
        9,
        9,
        9,
        9,
        9,
        null,
        null,
        null,
        null,
        null,
        null,
        9,
        null,
        18,
        9,
        9,
        9,
        9,
        null,
        null,
        9,
        null,
        null,
        null,
        null
      ],
      "/home/phong/bug/api-wrapper-ruby/spec/uiza/live/delete_spec.rb": [
        1,
        null,
        1,
        1,
        10,
        10,
        null,
        null,
        1,
        1,
        1,
        1,
        null,
        1,
        1,
        1,
        1,
        1,
        null,
        null,
        null,
        null,
        null,
        null,
        null,
        null,
        1,
        null,
        1,
        null,
        1,
        null,
        1,
        null,
        null,
        null,
        null,
        1,
        1,
        1,
        null,
        null,
        null,
        1,
        1,
        1,
        null,
        null,
        null,
        1,
        1,
        1,
        null,
        null,
        null,
        1,
        1,
        1,
        null,
        null,
        null,
        1,
        1,
        1,
        null,
        null,
        null,
        1,
        1,
        1,
        null,
        null,
        null,
        1,
        1,
        1,
        null,
        null,
        null,
        1,
        1,
        1,
        null,
        null,
        null,
        1,
        1,
        1,
        null,
        null,
        null,
        1,
        9,
        null,
        9,
        9,
        9,
        9,
        9,
        null,
        null,
        null,
        null,
        null,
        null,
        9,
        null,
        18,
        9,
        9,
        9,
        9,
        null,
        null,
        9,
        null,
        null,
        null,
        null
      ],
      "/home/phong/bug/api-wrapper-ruby/spec/uiza/live/get_view_spec.rb": [
        1,
        null,
        1,
        1,
        10,
        10,
        null,
        null,
        1,
        1,
        1,
        1,
        null,
        1,
        1,
        1,
        1,
        1,
        null,
        null,
        null,
        null,
        null,
        null,
        null,
        null,
        null,
        null,
        1,
        null,
        1,
        null,
        1,
        1,
        1,
        null,
        1,
        null,
        null,
        null,
        null,
        1,
        1,
        1,
        null,
        null,
        null,
        1,
        1,
        1,
        null,
        null,
        null,
        1,
        1,
        1,
        null,
        null,
        null,
        1,
        1,
        1,
        null,
        null,
        null,
        1,
        1,
        1,
        null,
        null,
        null,
        1,
        1,
        1,
        null,
        null,
        null,
        1,
        1,
        1,
        null,
        null,
        null,
        1,
        1,
        1,
        null,
        null,
        null,
        1,
        1,
        1,
        null,
        null,
        null,
        1,
        9,
        null,
        9,
        9,
        9,
        9,
        9,
        null,
        null,
        null,
        null,
        null,
        null,
        9,
        null,
        18,
        9,
        9,
        9,
        9,
        null,
        null,
        9,
        null,
        null,
        null,
        null
      ],
      "/home/phong/bug/api-wrapper-ruby/spec/uiza/live/list_recorded_spec.rb": [
        1,
        null,
        1,
        1,
        10,
        10,
        null,
        null,
        1,
        1,
        1,
        1,
        1,
        1,
        1,
        null,
        null,
        null,
        null,
        null,
        null,
        null,
        null,
        null,
        null,
        null,
        null,
        1,
        null,
        1,
        null,
        1,
        1,
        1,
        1,
        1,
        null,
        1,
        null,
        null,
        null,
        null,
        1,
        1,
        1,
        null,
        null,
        null,
        1,
        1,
        1,
        null,
        null,
        null,
        1,
        1,
        1,
        null,
        null,
        null,
        1,
        1,
        1,
        null,
        null,
        null,
        1,
        1,
        1,
        null,
        null,
        null,
        1,
        1,
        1,
        null,
        null,
        null,
        1,
        1,
        1,
        null,
        null,
        null,
        1,
        1,
        1,
        null,
        null,
        null,
        1,
        1,
        1,
        null,
        null,
        null,
        null,
        1,
        9,
        9,
        9,
        9,
        null,
        null,
        null,
        null,
        null,
        null,
        9,
        null,
        18,
        9,
        9,
        9,
        9,
        null,
        null,
        9,
        null,
        null,
        null
      ],
      "/home/phong/bug/api-wrapper-ruby/spec/uiza/live/retrieve_spec.rb": [
        1,
        null,
        1,
        1,
        10,
        10,
        null,
        null,
        1,
        1,
        1,
        1,
        null,
        1,
        1,
        1,
        1,
        1,
        null,
        null,
        null,
        null,
        null,
        null,
        null,
        null,
        null,
        null,
        null,
        null,
        null,
        null,
        1,
        null,
        1,
        null,
        1,
        1,
        1,
        1,
        1,
        1,
        1,
        null,
        1,
        null,
        null,
        null,
        null,
        1,
        1,
        1,
        null,
        null,
        null,
        1,
        1,
        1,
        null,
        null,
        null,
        1,
        1,
        1,
        null,
        null,
        null,
        1,
        1,
        1,
        null,
        null,
        null,
        1,
        1,
        1,
        null,
        null,
        null,
        1,
        1,
        1,
        null,
        null,
        null,
        1,
        1,
        1,
        null,
        null,
        null,
        1,
        1,
        1,
        null,
        null,
        null,
        1,
        1,
        1,
        null,
        null,
        null,
        1,
        9,
        null,
        9,
        9,
        9,
        9,
        9,
        null,
        null,
        null,
        null,
        null,
        null,
        9,
        null,
        18,
        9,
        9,
        9,
        9,
        null,
        null,
        9,
        null,
        null,
        null,
        null
      ],
      "/home/phong/bug/api-wrapper-ruby/spec/uiza/live/start_feed_spec.rb": [
        1,
        null,
        1,
        1,
        10,
        10,
        null,
        null,
        1,
        1,
        1,
        1,
        null,
        null,
        1,
        1,
        1,
        1,
        1,
        null,
        null,
        null,
        null,
        null,
        null,
        null,
        null,
        1,
        null,
        null,
        1,
        1,
        1,
        1,
        1,
        null,
        null,
        null,
        null,
        null,
        null,
        null,
        null,
        null,
        null,
        null,
        null,
        null,
        null,
        1,
        null,
        1,
        null,
        1,
        1,
        1,
        1,
        1,
        1,
        1,
        null,
        1,
        null,
        null,
        1,
        null,
        null,
        null,
        null,
        1,
        1,
        1,
        null,
        null,
        null,
        1,
        1,
        1,
        null,
        null,
        null,
        1,
        1,
        1,
        null,
        null,
        null,
        1,
        1,
        1,
        null,
        null,
        null,
        1,
        1,
        1,
        null,
        null,
        null,
        1,
        1,
        1,
        null,
        null,
        null,
        1,
        1,
        1,
        null,
        null,
        null,
        1,
        1,
        1,
        null,
        null,
        null,
        1,
        1,
        1,
        null,
        null,
        null,
        1,
        9,
        null,
        9,
        9,
        9,
        9,
        9,
        null,
        null,
        null,
        null,
        null,
        null,
        9,
        null,
        18,
        9,
        9,
        9,
        9,
        null,
        null,
        9,
        null,
        null,
        null,
        null
      ],
      "/home/phong/bug/api-wrapper-ruby/spec/uiza/live/stop_feed_spec.rb": [
        1,
        null,
        1,
        1,
        10,
        10,
        null,
        null,
        1,
        1,
        1,
        1,
        null,
        null,
        1,
        1,
        1,
        1,
        1,
        null,
        null,
        null,
        null,
        null,
        null,
        null,
        null,
        1,
        null,
        null,
        1,
        1,
        1,
        1,
        1,
        null,
        null,
        null,
        null,
        null,
        null,
        null,
        null,
        null,
        null,
        null,
        null,
        null,
        null,
        1,
        null,
        1,
        null,
        1,
        1,
        1,
        1,
        1,
        1,
        1,
        null,
        1,
        null,
        null,
        1,
        null,
        null,
        null,
        null,
        1,
        1,
        1,
        null,
        null,
        null,
        1,
        1,
        1,
        null,
        null,
        null,
        1,
        1,
        1,
        null,
        null,
        null,
        1,
        1,
        1,
        null,
        null,
        null,
        1,
        1,
        1,
        null,
        null,
        null,
        1,
        1,
        1,
        null,
        null,
        null,
        1,
        1,
        1,
        null,
        null,
        null,
        1,
        1,
        1,
        null,
        null,
        null,
        1,
        1,
        1,
        null,
        null,
        null,
        1,
        9,
        null,
        9,
        9,
        9,
        9,
        9,
        null,
        null,
        null,
        null,
        null,
        null,
        9,
        null,
        18,
        9,
        9,
        9,
        9,
        null,
        null,
        9,
        null,
        null,
        null,
        null
      ],
      "/home/phong/bug/api-wrapper-ruby/spec/uiza/live/update_spec.rb": [
        1,
        null,
        1,
        1,
        10,
        10,
        null,
        null,
        1,
        1,
        1,
        1,
        null,
        null,
        null,
        null,
        null,
        null,
        null,
        null,
        null,
        1,
        1,
        1,
        1,
        1,
        null,
        null,
        null,
        null,
        null,
        null,
        null,
        null,
        1,
        null,
        null,
        1,
        1,
        1,
        1,
        1,
        null,
        null,
        null,
        null,
        null,
        null,
        null,
        null,
        null,
        null,
        null,
        null,
        null,
        null,
        1,
        null,
        1,
        null,
        1,
        1,
        1,
        1,
        1,
        1,
        1,
        null,
        1,
        null,
        null,
        1,
        null,
        null,
        null,
        null,
        1,
        1,
        1,
        null,
        null,
        null,
        1,
        1,
        1,
        null,
        null,
        null,
        1,
        1,
        1,
        null,
        null,
        null,
        1,
        1,
        1,
        null,
        null,
        null,
        1,
        1,
        1,
        null,
        null,
        null,
        1,
        1,
        1,
        null,
        null,
        null,
        1,
        1,
        1,
        null,
        null,
        null,
        1,
        1,
        1,
        null,
        null,
        null,
        1,
        1,
        1,
        null,
        null,
        null,
        1,
        9,
        null,
        null,
        null,
        9,
        9,
        9,
        9,
        9,
        null,
        null,
        null,
        null,
        null,
        null,
        9,
        null,
        18,
        9,
        9,
        9,
        9,
        null,
        null,
        9,
        null,
        null,
        null,
        null
      ],
      "/home/phong/bug/api-wrapper-ruby/spec/uiza/storage/add_spec.rb": [
        1,
        null,
        1,
        1,
        10,
        10,
        null,
        null,
        1,
        1,
        1,
        1,
        null,
        null,
        null,
        null,
        null,
        null,
        null,
        null,
        1,
        1,
        1,
        1,
        1,
        null,
        null,
        null,
        null,
        null,
        null,
        null,
        null,
        1,
        null,
        null,
        1,
        1,
        1,
        1,
        1,
        null,
        null,
        null,
        null,
        null,
        null,
        null,
        null,
        null,
        null,
        null,
        null,
        null,
        1,
        null,
        1,
        null,
        1,
        1,
        1,
        1,
        1,
        1,
        null,
        1,
        null,
        null,
        1,
        null,
        null,
        null,
        null,
        1,
        1,
        1,
        null,
        null,
        null,
        1,
        1,
        1,
        null,
        null,
        null,
        1,
        1,
        1,
        null,
        null,
        null,
        1,
        1,
        1,
        null,
        null,
        null,
        1,
        1,
        1,
        null,
        null,
        null,
        1,
        1,
        1,
        null,
        null,
        null,
        1,
        1,
        1,
        null,
        null,
        null,
        1,
        1,
        1,
        null,
        null,
        null,
        1,
        1,
        1,
        null,
        null,
        null,
        1,
        9,
        null,
        null,
        null,
        9,
        9,
        9,
        9,
        9,
        null,
        null,
        null,
        null,
        null,
        null,
        9,
        null,
        18,
        9,
        9,
        9,
        9,
        null,
        null,
        9,
        null,
        null,
        null,
        null
      ],
      "/home/phong/bug/api-wrapper-ruby/spec/uiza/storage/remove_spec.rb": [
        1,
        null,
        1,
        1,
        10,
        10,
        null,
        null,
        1,
        1,
        1,
        1,
        null,
        1,
        1,
        1,
        1,
        1,
        null,
        null,
        null,
        null,
        null,
        null,
        null,
        null,
        1,
        null,
        1,
        null,
        1,
        null,
        1,
        null,
        null,
        null,
        null,
        1,
        1,
        1,
        null,
        null,
        null,
        1,
        1,
        1,
        null,
        null,
        null,
        1,
        1,
        1,
        null,
        null,
        null,
        1,
        1,
        1,
        null,
        null,
        null,
        1,
        1,
        1,
        null,
        null,
        null,
        1,
        1,
        1,
        null,
        null,
        null,
        1,
        1,
        1,
        null,
        null,
        null,
        1,
        1,
        1,
        null,
        null,
        null,
        1,
        1,
        1,
        null,
        null,
        null,
        1,
        9,
        null,
        9,
        9,
        9,
        9,
        9,
        null,
        null,
        null,
        null,
        null,
        null,
        9,
        null,
        18,
        9,
        9,
        9,
        9,
        null,
        null,
        9,
        null,
        null,
        null,
        null
      ],
      "/home/phong/bug/api-wrapper-ruby/spec/uiza/storage/retrieve_spec.rb": [
        1,
        null,
        1,
        1,
        10,
        10,
        null,
        null,
        1,
        1,
        1,
        1,
        null,
        1,
        1,
        1,
        1,
        1,
        null,
        null,
        null,
        null,
        null,
        null,
        null,
        null,
        null,
        null,
        null,
        null,
        null,
        1,
        null,
        1,
        null,
        1,
        1,
        1,
        1,
        1,
        1,
        null,
        1,
        null,
        null,
        null,
        null,
        1,
        1,
        1,
        null,
        null,
        null,
        1,
        1,
        1,
        null,
        null,
        null,
        1,
        1,
        1,
        null,
        null,
        null,
        1,
        1,
        1,
        null,
        null,
        null,
        1,
        1,
        1,
        null,
        null,
        null,
        1,
        1,
        1,
        null,
        null,
        null,
        1,
        1,
        1,
        null,
        null,
        null,
        1,
        1,
        1,
        null,
        null,
        null,
        1,
        1,
        1,
        null,
        null,
        null,
        1,
        9,
        null,
        9,
        9,
        9,
        9,
        9,
        null,
        null,
        null,
        null,
        null,
        null,
        9,
        null,
        18,
        9,
        9,
        9,
        9,
        null,
        null,
        9,
        null,
        null,
        null,
        null
      ],
      "/home/phong/bug/api-wrapper-ruby/spec/uiza/storage/update_spec.rb": [
        1,
        null,
        1,
        1,
        10,
        10,
        null,
        null,
        1,
        1,
        1,
        1,
        null,
        null,
        null,
        null,
        null,
        null,
        null,
        null,
        null,
        1,
        1,
        1,
        1,
        1,
        null,
        null,
        null,
        null,
        null,
        null,
        null,
        null,
        1,
        null,
        null,
        1,
        1,
        1,
        1,
        1,
        null,
        null,
        null,
        null,
        null,
        null,
        null,
        null,
        null,
        null,
        null,
        null,
        null,
        1,
        null,
        1,
        null,
        1,
        1,
        1,
        1,
        1,
        1,
        null,
        1,
        null,
        null,
        null,
        null,
        1,
        1,
        1,
        null,
        null,
        null,
        1,
        1,
        1,
        null,
        null,
        null,
        1,
        1,
        1,
        null,
        null,
        null,
        1,
        1,
        1,
        null,
        null,
        null,
        1,
        1,
        1,
        null,
        null,
        null,
        1,
        1,
        1,
        null,
        null,
        null,
        1,
        1,
        1,
        null,
        null,
        null,
        1,
        1,
        1,
        null,
        null,
        null,
        1,
        1,
        1,
        null,
        null,
        null,
        1,
        9,
        null,
        null,
        null,
        9,
        9,
        9,
        9,
        9,
        null,
        null,
        null,
        null,
        null,
        null,
        9,
        null,
        18,
        9,
        9,
        9,
        9,
        null,
        null,
        9,
        null,
        null,
        null,
        null
      ],
      "/home/phong/bug/api-wrapper-ruby/spec/uiza/uiza_client_spec.rb": [
        1,
        null,
        1,
        1,
        10,
        10,
        10,
        10,
        10,
        null,
        10,
        null,
        null,
        1,
        1,
        1,
        1,
        null,
        null,
        null,
        1,
        1,
        1,
        null,
        null,
        null,
        1,
        1,
        1,
        null,
        null,
        null,
        1,
        1,
        1,
        null,
        null,
        null,
        1,
        1,
        1,
        null,
        null,
        null,
        1,
        1,
        1,
        null,
        null,
        null,
        1,
        1,
        1,
        null,
        null,
        null,
        1,
        1,
        1,
        null,
        null,
        null,
        1,
        1,
        1,
        null,
        null,
        null,
        1,
        1,
        1,
        null,
        null,
        null,
        1,
        18,
        9,
        9,
        9,
        9,
        null,
        null,
        null,
        null
      ],
      "/home/phong/bug/api-wrapper-ruby/spec/uiza_spec.rb": [
        1,
        null,
        1,
        1,
        1,
        null,
        null,
        1,
        1,
        null,
        1,
        null,
        null,
        1,
        1,
        null,
        1,
        null,
        null
      ]
    },
    "timestamp": 1551148501
  }
}
